2023-07-18 00:04:09 [34mdebug[39m: 	inouous API server is listening at http://:::5555
2023-07-18 00:04:11 [34mdebug[39m: 	inouous API server is listening at http://:::5555
2023-07-18 00:04:12 [34mdebug[39m: 	inouous API server is listening at http://:::5555
2023-07-18 00:05:08 [34mdebug[39m: 	inouous API server is listening at http://:::5555
2023-07-18 00:07:04 [34mdebug[39m: 	inouous API server is listening at http://:::5555
2023-07-18 00:07:15 [34mdebug[39m: 	inouous API server is listening at http://:::5555
2023-07-18 00:10:44 [32minfo[39m: 	Requested URL : 
2023-07-18 00:10:44 [32minfo[39m: 	/login
2023-07-18 00:10:44 [32minfo[39m: 	SELECT * FROM login where email='mahesh@gmail.com'
2023-07-18 00:10:44 [32minfo[39m: 	SELECT * FROM login where email='mahesh@gmail.com' and password='mahesh' 
2023-07-18 00:10:44 [32minfo[39m: 	select * from login where id=undefined
2023-07-18 00:10:44 [31merror[39m: 	uncaughtException: Cannot read properties of null (reading '0')
TypeError: Cannot read properties of null (reading '0')
    at D:\Projects\inous_main_node_backend\model\adminModel.js:40:57
    at Query.<anonymous> (D:\Projects\inous_main_node_backend\utils\dbutils.js:25:11)
    at Query.<anonymous> (D:\Projects\inous_main_node_backend\node_modules\mysql\lib\Connection.js:526:10)
    at Query._callback (D:\Projects\inous_main_node_backend\node_modules\mysql\lib\Connection.js:488:16)
    at Sequence.end (D:\Projects\inous_main_node_backend\node_modules\mysql\lib\protocol\sequences\Sequence.js:83:24)
    at Query.ErrorPacket (D:\Projects\inous_main_node_backend\node_modules\mysql\lib\protocol\sequences\Query.js:92:8)
    at Protocol._parsePacket (D:\Projects\inous_main_node_backend\node_modules\mysql\lib\protocol\Protocol.js:291:23)
    at Parser._parsePacket (D:\Projects\inous_main_node_backend\node_modules\mysql\lib\protocol\Parser.js:433:10)
    at Parser.write (D:\Projects\inous_main_node_backend\node_modules\mysql\lib\protocol\Parser.js:43:10)
    at Protocol.write (D:\Projects\inous_main_node_backend\node_modules\mysql\lib\protocol\Protocol.js:38:16)
2023-07-18 00:11:19 [34mdebug[39m: 	inouous API server is listening at http://:::5555
2023-07-18 00:11:22 [32minfo[39m: 	Requested URL : 
2023-07-18 00:11:22 [32minfo[39m: 	/login
2023-07-18 00:11:22 [32minfo[39m: 	SELECT * FROM login where email='mahesh@gmail.com'
2023-07-18 00:11:22 [32minfo[39m: 	SELECT * FROM login where email='mahesh@gmail.com' and password='mahesh' 
2023-07-18 00:11:22 [32minfo[39m: 	select * from login where id=undefined
2023-07-18 00:11:22 [31merror[39m: 	uncaughtException: Cannot read properties of null (reading '0')
TypeError: Cannot read properties of null (reading '0')
    at D:\Projects\inous_main_node_backend\model\adminModel.js:41:57
    at Query.<anonymous> (D:\Projects\inous_main_node_backend\utils\dbutils.js:25:11)
    at Query.<anonymous> (D:\Projects\inous_main_node_backend\node_modules\mysql\lib\Connection.js:526:10)
    at Query._callback (D:\Projects\inous_main_node_backend\node_modules\mysql\lib\Connection.js:488:16)
    at Sequence.end (D:\Projects\inous_main_node_backend\node_modules\mysql\lib\protocol\sequences\Sequence.js:83:24)
    at Query.ErrorPacket (D:\Projects\inous_main_node_backend\node_modules\mysql\lib\protocol\sequences\Query.js:92:8)
    at Protocol._parsePacket (D:\Projects\inous_main_node_backend\node_modules\mysql\lib\protocol\Protocol.js:291:23)
    at Parser._parsePacket (D:\Projects\inous_main_node_backend\node_modules\mysql\lib\protocol\Parser.js:433:10)
    at Parser.write (D:\Projects\inous_main_node_backend\node_modules\mysql\lib\protocol\Parser.js:43:10)
    at Protocol.write (D:\Projects\inous_main_node_backend\node_modules\mysql\lib\protocol\Protocol.js:38:16)
2023-07-18 00:12:16 [34mdebug[39m: 	inouous API server is listening at http://:::5555
2023-07-18 00:12:20 [32minfo[39m: 	Requested URL : 
2023-07-18 00:12:20 [32minfo[39m: 	/login
2023-07-18 00:12:20 [32minfo[39m: 	SELECT * FROM login where email='mahesh@gmail.com'
2023-07-18 00:12:20 [32minfo[39m: 	SELECT * FROM login where email='mahesh@gmail.com' and password='mahesh' 
2023-07-18 00:12:20 [32minfo[39m: 	select * from login where id=1
2023-07-18 00:12:20 [31merror[39m: 	uncaughtException: Cannot read properties of null (reading '0')
TypeError: Cannot read properties of null (reading '0')
    at D:\Projects\inous_main_node_backend\model\adminModel.js:40:57
    at Query.<anonymous> (D:\Projects\inous_main_node_backend\utils\dbutils.js:25:11)
    at Query.<anonymous> (D:\Projects\inous_main_node_backend\node_modules\mysql\lib\Connection.js:526:10)
    at Query._callback (D:\Projects\inous_main_node_backend\node_modules\mysql\lib\Connection.js:488:16)
    at Sequence.end (D:\Projects\inous_main_node_backend\node_modules\mysql\lib\protocol\sequences\Sequence.js:83:24)
    at Query.ErrorPacket (D:\Projects\inous_main_node_backend\node_modules\mysql\lib\protocol\sequences\Query.js:92:8)
    at Protocol._parsePacket (D:\Projects\inous_main_node_backend\node_modules\mysql\lib\protocol\Protocol.js:291:23)
    at Parser._parsePacket (D:\Projects\inous_main_node_backend\node_modules\mysql\lib\protocol\Parser.js:433:10)
    at Parser.write (D:\Projects\inous_main_node_backend\node_modules\mysql\lib\protocol\Parser.js:43:10)
    at Protocol.write (D:\Projects\inous_main_node_backend\node_modules\mysql\lib\protocol\Protocol.js:38:16)
2023-07-18 00:13:14 [34mdebug[39m: 	inouous API server is listening at http://:::5555
2023-07-18 00:13:17 [32minfo[39m: 	Requested URL : 
2023-07-18 00:13:17 [32minfo[39m: 	/login
2023-07-18 00:13:17 [32minfo[39m: 	SELECT * FROM login where email='mahesh@gmail.com'
2023-07-18 00:13:17 [32minfo[39m: 	SELECT * FROM login where email='mahesh@gmail.com' and password='mahesh' 
2023-07-18 00:13:17 [32minfo[39m: 	select * from login where PersonID=1
2023-07-18 00:25:43 [34mdebug[39m: 	inouous API server is listening at http://:::5555
2023-07-18 00:27:51 [34mdebug[39m: 	inouous API server is listening at http://:::5555
2023-07-18 00:28:52 [32minfo[39m: 	Requested URL : 
2023-07-18 00:28:52 [32minfo[39m: 	/patients
2023-07-18 00:28:52 [31merror[39m: 	uncaughtException: adminModel.patients is not a function
TypeError: adminModel.patients is not a function
    at exports.patients (D:\Projects\inous_main_node_backend\controllers\adminCtrl.js:29:14)
    at Layer.handle [as handle_request] (D:\Projects\inous_main_node_backend\node_modules\express\lib\router\layer.js:95:5)
    at next (D:\Projects\inous_main_node_backend\node_modules\express\lib\router\route.js:144:13)
    at Route.dispatch (D:\Projects\inous_main_node_backend\node_modules\express\lib\router\route.js:114:3)
    at Layer.handle [as handle_request] (D:\Projects\inous_main_node_backend\node_modules\express\lib\router\layer.js:95:5)
    at D:\Projects\inous_main_node_backend\node_modules\express\lib\router\index.js:284:15
    at Function.process_params (D:\Projects\inous_main_node_backend\node_modules\express\lib\router\index.js:346:12)
    at next (D:\Projects\inous_main_node_backend\node_modules\express\lib\router\index.js:280:10)
    at Function.handle (D:\Projects\inous_main_node_backend\node_modules\express\lib\router\index.js:175:3)
    at router (D:\Projects\inous_main_node_backend\node_modules\express\lib\router\index.js:47:12)
2023-07-18 00:30:01 [34mdebug[39m: 	inouous API server is listening at http://:::5555
2023-07-18 00:30:12 [32minfo[39m: 	Requested URL : 
2023-07-18 00:30:12 [32minfo[39m: 	/patients
2023-07-18 00:30:12 [31merror[39m: 	uncaughtException: adminModel.patients is not a function
TypeError: adminModel.patients is not a function
    at exports.patients (D:\Projects\inous_main_node_backend\controllers\adminCtrl.js:29:14)
    at Layer.handle [as handle_request] (D:\Projects\inous_main_node_backend\node_modules\express\lib\router\layer.js:95:5)
    at next (D:\Projects\inous_main_node_backend\node_modules\express\lib\router\route.js:144:13)
    at Route.dispatch (D:\Projects\inous_main_node_backend\node_modules\express\lib\router\route.js:114:3)
    at Layer.handle [as handle_request] (D:\Projects\inous_main_node_backend\node_modules\express\lib\router\layer.js:95:5)
    at D:\Projects\inous_main_node_backend\node_modules\express\lib\router\index.js:284:15
    at Function.process_params (D:\Projects\inous_main_node_backend\node_modules\express\lib\router\index.js:346:12)
    at next (D:\Projects\inous_main_node_backend\node_modules\express\lib\router\index.js:280:10)
    at Function.handle (D:\Projects\inous_main_node_backend\node_modules\express\lib\router\index.js:175:3)
    at router (D:\Projects\inous_main_node_backend\node_modules\express\lib\router\index.js:47:12)
2023-07-18 00:30:33 [34mdebug[39m: 	inouous API server is listening at http://:::5555
2023-07-18 00:30:51 [32minfo[39m: 	Requested URL : 
2023-07-18 00:30:51 [32minfo[39m: 	/patients
2023-07-18 00:30:51 [31merror[39m: 	uncaughtException: adminModel.patients is not a function
TypeError: adminModel.patients is not a function
    at exports.patients (D:\Projects\inous_main_node_backend\controllers\adminCtrl.js:29:14)
    at Layer.handle [as handle_request] (D:\Projects\inous_main_node_backend\node_modules\express\lib\router\layer.js:95:5)
    at next (D:\Projects\inous_main_node_backend\node_modules\express\lib\router\route.js:144:13)
    at Route.dispatch (D:\Projects\inous_main_node_backend\node_modules\express\lib\router\route.js:114:3)
    at Layer.handle [as handle_request] (D:\Projects\inous_main_node_backend\node_modules\express\lib\router\layer.js:95:5)
    at D:\Projects\inous_main_node_backend\node_modules\express\lib\router\index.js:284:15
    at Function.process_params (D:\Projects\inous_main_node_backend\node_modules\express\lib\router\index.js:346:12)
    at next (D:\Projects\inous_main_node_backend\node_modules\express\lib\router\index.js:280:10)
    at Function.handle (D:\Projects\inous_main_node_backend\node_modules\express\lib\router\index.js:175:3)
    at router (D:\Projects\inous_main_node_backend\node_modules\express\lib\router\index.js:47:12)
2023-07-18 00:31:14 [34mdebug[39m: 	inouous API server is listening at http://:::5555
2023-07-18 00:31:18 [32minfo[39m: 	Requested URL : 
2023-07-18 00:31:18 [32minfo[39m: 	/patients
2023-07-18 00:31:18 [32minfo[39m: 	SELECT * FROM patients;
2023-07-18 21:25:26 [34mdebug[39m: 	inouous API server is listening at http://:::5555
2023-07-18 21:28:16 [31merror[39m: 	uncaughtException: Route.post() requires a callback function but got a [object Undefined]
Error: Route.post() requires a callback function but got a [object Undefined]
    at Route.<computed> [as post] (D:\Projects\inous_main_node_backend\node_modules\express\lib\router\route.js:211:15)
    at proto.<computed> [as post] (D:\Projects\inous_main_node_backend\node_modules\express\lib\router\index.js:521:19)
    at Object.<anonymous> (D:\Projects\inous_main_node_backend\routes\routes.js:9:8)
    at Module._compile (node:internal/modules/cjs/loader:1254:14)
    at Module._extensions..js (node:internal/modules/cjs/loader:1308:10)
    at Module.load (node:internal/modules/cjs/loader:1117:32)
    at Module._load (node:internal/modules/cjs/loader:958:12)
    at Module.require (node:internal/modules/cjs/loader:1141:19)
    at require (node:internal/modules/cjs/helpers:110:18)
    at Object.<anonymous> (D:\Projects\inous_main_node_backend\app.js:60:14)
2023-07-18 22:19:05 [34mdebug[39m: 	inouous API server is listening at http://:::5555
2023-07-18 22:19:19 [34mdebug[39m: 	inouous API server is listening at http://:::5555
2023-07-18 22:21:55 [32minfo[39m: 	Requested URL : 
2023-07-18 22:21:55 [32minfo[39m: 	/insert_patientdata
2023-07-18 22:21:55 [32minfo[39m: 	update patients set oximeter="11",weight="22",thermometer="33",BP="44",current_timestamp="2023-07-18" where patient_id=100;
2023-07-18 22:21:55 [31merror[39m: 	Error While Getting Meeting Data  ER_PARSE_ERROR: You have an error in your SQL syntax; check the manual that corresponds to your MySQL server version for the right syntax to use near 'current_timestamp="2023-07-18" where patient_id=100' at line 1
2023-07-18 22:22:33 [32minfo[39m: 	Requested URL : 
2023-07-18 22:22:33 [32minfo[39m: 	/insert_patientdata
2023-07-18 22:22:34 [32minfo[39m: 	update patients set oximeter="11",weight="22",thermometer="33",BP="44",current_timestamp="2023-07-18" where patient_id=100;
2023-07-18 22:22:34 [31merror[39m: 	Error While Getting Meeting Data  ER_PARSE_ERROR: You have an error in your SQL syntax; check the manual that corresponds to your MySQL server version for the right syntax to use near 'current_timestamp="2023-07-18" where patient_id=100' at line 1
2023-07-18 22:22:51 [32minfo[39m: 	Requested URL : 
2023-07-18 22:22:51 [32minfo[39m: 	/insert_patientdata
2023-07-18 22:22:51 [32minfo[39m: 	update patients set oximeter="11",weight="22",thermometer="33",BP="44",current_timestamp="2023-07-18" where patient_id=101;
2023-07-18 22:22:51 [31merror[39m: 	Error While Getting Meeting Data  ER_PARSE_ERROR: You have an error in your SQL syntax; check the manual that corresponds to your MySQL server version for the right syntax to use near 'current_timestamp="2023-07-18" where patient_id=101' at line 1
2023-07-18 22:23:24 [32minfo[39m: 	Requested URL : 
2023-07-18 22:23:24 [32minfo[39m: 	/insert_patientdata
2023-07-18 22:23:24 [32minfo[39m: 	update patients set oximeter="11",weight="22",thermometer="33",BP="44",current_timestamp="2023-07-18" where patient_id=101;
2023-07-18 22:23:24 [31merror[39m: 	Error While Getting Meeting Data  ER_PARSE_ERROR: You have an error in your SQL syntax; check the manual that corresponds to your MySQL server version for the right syntax to use near 'current_timestamp="2023-07-18" where patient_id=101' at line 1
2023-07-18 22:27:19 [34mdebug[39m: 	inouous API server is listening at http://:::5555
2023-07-18 22:27:24 [32minfo[39m: 	Requested URL : 
2023-07-18 22:27:24 [32minfo[39m: 	/insert_patientdata
2023-07-18 22:27:24 [32minfo[39m: 	update patients set oximeter="11",weight="22",thermometer="33",BP="44",time="2023-07-18" where patient_id=101;
2023-07-18 22:41:39 [31merror[39m: 	uncaughtException: Route.post() requires a callback function but got a [object Undefined]
Error: Route.post() requires a callback function but got a [object Undefined]
    at Route.<computed> [as post] (D:\Projects\inous_main_node_backend\node_modules\express\lib\router\route.js:211:15)
    at proto.<computed> [as post] (D:\Projects\inous_main_node_backend\node_modules\express\lib\router\index.js:521:19)
    at Object.<anonymous> (D:\Projects\inous_main_node_backend\routes\routes.js:10:8)
    at Module._compile (node:internal/modules/cjs/loader:1254:14)
    at Module._extensions..js (node:internal/modules/cjs/loader:1308:10)
    at Module.load (node:internal/modules/cjs/loader:1117:32)
    at Module._load (node:internal/modules/cjs/loader:958:12)
    at Module.require (node:internal/modules/cjs/loader:1141:19)
    at require (node:internal/modules/cjs/helpers:110:18)
    at Object.<anonymous> (D:\Projects\inous_main_node_backend\app.js:60:14)
2023-07-18 22:42:27 [31merror[39m: 	uncaughtException: Route.post() requires a callback function but got a [object Undefined]
Error: Route.post() requires a callback function but got a [object Undefined]
    at Route.<computed> [as post] (D:\Projects\inous_main_node_backend\node_modules\express\lib\router\route.js:211:15)
    at proto.<computed> [as post] (D:\Projects\inous_main_node_backend\node_modules\express\lib\router\index.js:521:19)
    at Object.<anonymous> (D:\Projects\inous_main_node_backend\routes\routes.js:10:8)
    at Module._compile (node:internal/modules/cjs/loader:1254:14)
    at Module._extensions..js (node:internal/modules/cjs/loader:1308:10)
    at Module.load (node:internal/modules/cjs/loader:1117:32)
    at Module._load (node:internal/modules/cjs/loader:958:12)
    at Module.require (node:internal/modules/cjs/loader:1141:19)
    at require (node:internal/modules/cjs/helpers:110:18)
    at Object.<anonymous> (D:\Projects\inous_main_node_backend\app.js:60:14)
2023-07-18 22:42:41 [34mdebug[39m: 	inouous API server is listening at http://:::5555
2023-07-18 22:47:30 [34mdebug[39m: 	inouous API server is listening at http://:::5555
2023-07-18 22:48:43 [32minfo[39m: 	Requested URL : 
2023-07-18 22:48:43 [32minfo[39m: 	/insert_patientdata
2023-07-18 22:48:43 [32minfo[39m: 	update patients set oximeter="11",weight="22",thermometer="33",BP="44",time="2023-07-18" where patient_id=101;
2023-07-18 22:49:39 [32minfo[39m: 	Requested URL : 
2023-07-18 22:49:39 [32minfo[39m: 	/insert_patientdata
2023-07-18 22:49:39 [32minfo[39m: 	update patients set oximeter="undefined",weight="undefined",thermometer="undefined",BP="undefined",time="2023-07-18" where patient_id=undefined;
2023-07-18 22:49:39 [31merror[39m: 	Error While Getting Meeting Data  ER_BAD_FIELD_ERROR: Unknown column 'undefined' in 'where clause'
2023-07-18 22:50:10 [32minfo[39m: 	Requested URL : 
2023-07-18 22:50:10 [32minfo[39m: 	/insert_patientdata
2023-07-18 22:50:10 [32minfo[39m: 	update patients set oximeter="undefined",weight="undefined",thermometer="undefined",BP="undefined",time="2023-07-18" where patient_id=100;
2023-07-18 22:51:40 [32minfo[39m: 	Requested URL : 
2023-07-18 22:51:40 [32minfo[39m: 	/patients
2023-07-18 22:51:40 [32minfo[39m: 	SELECT * FROM patients;
2023-07-18 22:52:06 [34mdebug[39m: 	inouous API server is listening at http://:::5555
2023-07-18 22:52:19 [34mdebug[39m: 	inouous API server is listening at http://:::5555
2023-07-18 22:52:24 [32minfo[39m: 	Requested URL : 
2023-07-18 22:52:24 [32minfo[39m: 	/insert_patientdata
2023-07-18 22:52:24 [32minfo[39m: 	update patients set oximeter="11",weight="22",thermometer="33",BP="44",time="2023-07-18" where patient_id=101;
2023-07-18 22:52:48 [34mdebug[39m: 	inouous API server is listening at http://:::5555
2023-07-18 22:53:04 [32minfo[39m: 	Requested URL : 
2023-07-18 22:53:04 [32minfo[39m: 	/insert_patientdata
2023-07-18 22:53:05 [32minfo[39m: 	update patients set oximeter="undefined",weight="undefined",thermometer="undefined",BP="undefined",time="2023-07-18" where patient_id=100;
2023-07-18 22:53:14 [34mdebug[39m: 	inouous API server is listening at http://:::5555
2023-07-18 22:53:15 [32minfo[39m: 	Requested URL : 
2023-07-18 22:53:15 [32minfo[39m: 	/insert_patientdata
2023-07-18 22:53:15 [32minfo[39m: 	update patients set oximeter="undefined",weight="undefined",thermometer="undefined",BP="undefined",time="2023-07-18" where patient_id=100;
2023-07-18 22:53:20 [34mdebug[39m: 	inouous API server is listening at http://:::5555
2023-07-18 22:53:46 [34mdebug[39m: 	inouous API server is listening at http://:::5555
2023-07-18 22:53:49 [32minfo[39m: 	Requested URL : 
2023-07-18 22:53:49 [32minfo[39m: 	/insert_patientdata
2023-07-18 22:53:49 [32minfo[39m: 	update patients set oximeter="undefined",weight="undefined",thermometer="undefined",BP="undefined",time="2023-07-18" where patient_id=100;
2023-07-18 22:54:45 [34mdebug[39m: 	inouous API server is listening at http://:::5555
2023-07-18 22:54:46 [32minfo[39m: 	Requested URL : 
2023-07-18 22:54:46 [32minfo[39m: 	/insert_patientdata
2023-07-18 22:54:46 [32minfo[39m: 	update patients set oximeter="undefined",weight="undefined",thermometer="undefined",BP="undefined",time="2023-07-18" where patient_id=100;
2023-07-18 22:55:35 [34mdebug[39m: 	inouous API server is listening at http://:::5555
2023-07-18 22:55:57 [32minfo[39m: 	Requested URL : 
2023-07-18 22:55:57 [32minfo[39m: 	/patients_data
2023-07-18 22:55:57 [32minfo[39m: 	SELECT * FROM patients where patient_id=100;;
2023-07-18 22:56:08 [34mdebug[39m: 	inouous API server is listening at http://:::5555
2023-07-18 22:56:10 [32minfo[39m: 	Requested URL : 
2023-07-18 22:56:10 [32minfo[39m: 	/patients_data
2023-07-18 22:56:10 [32minfo[39m: 	SELECT * FROM patients where patient_id=100;;
